<?xml version="1.0" encoding="UTF-8"?>
<!-- Generated by org.testng.reporters.JUnitXMLReporter -->
<testsuite ignored="0" hostname="LSTKEN250198" failures="0" tests="4" name="Default test" time="3.839" errors="0" timestamp="2023-09-20T13:13:52 PDT">
  <testcase classname="api.test.UserTests" name="testPostUser" time="1.952"/>
  <testcase classname="api.test.UserTests" name="testGetUserByName" time="0.472"/>
  <testcase classname="api.test.UserTests" name="testUpdateUserByName" time="0.909"/>
  <testcase classname="api.test.UserTests" name="testDeleteUserByName" time="0.455"/>
</testsuite> <!-- Default test -->
