<?xml version="1.0" encoding="UTF-8"?>
<testng-results ignored="0" total="4" passed="4" failed="0" skipped="0">
  <reporter-output>
  </reporter-output>
  <suite started-at="2023-09-21T10:15:41 PDT" name="Suite1" finished-at="2023-09-21T10:15:46 PDT" duration-ms="5165">
    <groups>
    </groups>
    <test started-at="2023-09-21T10:15:41 PDT" name="Test1" finished-at="2023-09-21T10:15:46 PDT" duration-ms="5165">
      <class name="api.test.UserTests2">
        <test-method is-config="true" signature="setup()[pri:0, instance:api.test.UserTests2@6771beb3]" started-at="2023-09-21T10:15:41 PDT" name="setup" finished-at="2023-09-21T10:15:42 PDT" duration-ms="497" status="PASS">
          <reporter-output>
          </reporter-output>
        </test-method> <!-- setup -->
        <test-method signature="testPostUser()[pri:1, instance:api.test.UserTests2@6771beb3]" started-at="2023-09-21T10:15:42 PDT" name="testPostUser" finished-at="2023-09-21T10:15:44 PDT" duration-ms="2167" status="PASS">
          <reporter-output>
          </reporter-output>
        </test-method> <!-- testPostUser -->
        <test-method signature="testGetUserByName()[pri:2, instance:api.test.UserTests2@6771beb3]" started-at="2023-09-21T10:15:44 PDT" name="testGetUserByName" finished-at="2023-09-21T10:15:45 PDT" duration-ms="674" status="PASS">
          <reporter-output>
          </reporter-output>
        </test-method> <!-- testGetUserByName -->
        <test-method signature="testUpdateUserByName()[pri:3, instance:api.test.UserTests2@6771beb3]" started-at="2023-09-21T10:15:45 PDT" name="testUpdateUserByName" finished-at="2023-09-21T10:15:46 PDT" duration-ms="1119" status="PASS">
          <reporter-output>
          </reporter-output>
        </test-method> <!-- testUpdateUserByName -->
        <test-method signature="testDeleteUserByName()[pri:4, instance:api.test.UserTests2@6771beb3]" started-at="2023-09-21T10:15:46 PDT" name="testDeleteUserByName" finished-at="2023-09-21T10:15:46 PDT" duration-ms="439" status="PASS">
          <reporter-output>
          </reporter-output>
        </test-method> <!-- testDeleteUserByName -->
      </class> <!-- api.test.UserTests2 -->
    </test> <!-- Test1 -->
  </suite> <!-- Suite1 -->
</testng-results>
