<?xml version="1.0" encoding="UTF-8"?>
<testng-results ignored="0" total="4" passed="4" failed="0" skipped="0">
  <reporter-output>
  </reporter-output>
  <suite started-at="2023-09-20T16:53:39 PDT" name="Suite1" finished-at="2023-09-20T16:53:44 PDT" duration-ms="4879">
    <groups>
    </groups>
    <test started-at="2023-09-20T16:53:39 PDT" name="Test1" finished-at="2023-09-20T16:53:44 PDT" duration-ms="4879">
      <class name="api.test.UserTests2">
        <test-method is-config="true" signature="setup()[pri:0, instance:api.test.UserTests2@75db5df9]" started-at="2023-09-20T16:53:39 PDT" name="setup" finished-at="2023-09-20T16:53:40 PDT" duration-ms="476" status="PASS">
          <reporter-output>
          </reporter-output>
        </test-method> <!-- setup -->
        <test-method signature="testPostUser()[pri:1, instance:api.test.UserTests2@75db5df9]" started-at="2023-09-20T16:53:40 PDT" name="testPostUser" finished-at="2023-09-20T16:53:42 PDT" duration-ms="2294" status="PASS">
          <reporter-output>
          </reporter-output>
        </test-method> <!-- testPostUser -->
        <test-method signature="testGetUserByName()[pri:2, instance:api.test.UserTests2@75db5df9]" started-at="2023-09-20T16:53:42 PDT" name="testGetUserByName" finished-at="2023-09-20T16:53:43 PDT" duration-ms="489" status="PASS">
          <reporter-output>
          </reporter-output>
        </test-method> <!-- testGetUserByName -->
        <test-method signature="testUpdateUserByName()[pri:3, instance:api.test.UserTests2@75db5df9]" started-at="2023-09-20T16:53:43 PDT" name="testUpdateUserByName" finished-at="2023-09-20T16:53:44 PDT" duration-ms="915" status="PASS">
          <reporter-output>
          </reporter-output>
        </test-method> <!-- testUpdateUserByName -->
        <test-method signature="testDeleteUserByName()[pri:4, instance:api.test.UserTests2@75db5df9]" started-at="2023-09-20T16:53:44 PDT" name="testDeleteUserByName" finished-at="2023-09-20T16:53:44 PDT" duration-ms="440" status="PASS">
          <reporter-output>
          </reporter-output>
        </test-method> <!-- testDeleteUserByName -->
      </class> <!-- api.test.UserTests2 -->
    </test> <!-- Test1 -->
  </suite> <!-- Suite1 -->
</testng-results>
